2026-03-05 16:42:23 KERNEL[19081.486427] add      /module/ccm (module)
2026-03-05 16:42:23 UDEV  [19081.489870] add      /module/ccm (module)
2026-03-05 18:32:38 KERNEL[25696.317978] change   /devices/platform/ACPI0003:00/power_supply/AC (power_supply)
2026-03-05 18:32:38 UDEV  [25696.323080] change   /devices/platform/ACPI0003:00/power_supply/AC (power_supply)
2026-03-05 18:32:38 KERNEL[25696.326097] change   /devices/LNXSYSTM:00/LNXSYBUS:00/PNP0C0A:00/power_supply/BAT0 (power_supply)
2026-03-05 18:32:38 UDEV  [25696.327697] change   /devices/LNXSYSTM:00/LNXSYBUS:00/PNP0C0A:00/power_supply/BAT0 (power_supply)
2026-03-05 18:32:38 KERNEL[25696.371242] remove   /devices/platform/USBC000:00/typec/port1/port1-partner/pd2 (usb_power_delivery)
2026-03-05 18:32:38 KERNEL[25696.371268] remove   /devices/platform/USBC000:00/typec/port1/port1-partner/port1-partner.0 (typec)
2026-03-05 18:32:38 KERNEL[25696.371286] remove   /devices/platform/USBC000:00/typec/port1/port1-partner/port1-partner.1 (typec)
2026-03-05 18:32:38 KERNEL[25696.371309] remove   /devices/platform/USBC000:00/typec/port1/port1-partner (typec)
2026-03-05 18:32:38 UDEV  [25696.372749] remove   /devices/platform/USBC000:00/typec/port1/port1-partner/pd2 (usb_power_delivery)
2026-03-05 18:32:38 KERNEL[25696.372968] change   /devices/platform/USBC000:00/power_supply/ucsi-source-psy-USBC000:002 (power_supply)
2026-03-05 18:32:38 UDEV  [25696.373440] remove   /devices/platform/USBC000:00/typec/port1/port1-partner/port1-partner.0 (typec)
2026-03-05 18:32:38 UDEV  [25696.373472] remove   /devices/platform/USBC000:00/typec/port1/port1-partner/port1-partner.1 (typec)
2026-03-05 18:32:38 UDEV  [25696.373860] change   /devices/platform/USBC000:00/power_supply/ucsi-source-psy-USBC000:002 (power_supply)
2026-03-05 18:32:38 UDEV  [25696.374291] remove   /devices/platform/USBC000:00/typec/port1/port1-partner (typec)
2026-03-05 18:32:39 KERNEL[25697.388343] change   /devices/pci0000:00/0000:00:08.1/0000:c4:00.0/drm/card1 (drm)
2026-03-05 18:32:39 UDEV  [25697.411904] change   /devices/pci0000:00/0000:00:08.1/0000:c4:00.0/drm/card1 (drm)
2026-03-05 18:32:54 KERNEL[25712.336369] change   /devices/LNXSYSTM:00/LNXSYBUS:00/PNP0C0A:00/power_supply/BAT0 (power_supply)
2026-03-05 18:32:54 UDEV  [25712.340706] change   /devices/LNXSYSTM:00/LNXSYBUS:00/PNP0C0A:00/power_supply/BAT0 (power_supply)
2026-03-05 19:13:03 KERNEL[28121.061866] remove   /devices/pci0000:00/0000:00:08.3/0000:c6:00.3/usb5/5-1/5-1:1.0/sound/card1/controlC1 (sound)
2026-03-05 19:13:03 KERNEL[28121.062036] remove   /devices/pci0000:00/0000:00:08.3/0000:c6:00.3/usb5/5-1/5-1:1.0/sound/card1/pcmC1D0p (sound)
2026-03-05 19:13:03 KERNEL[28121.062199] remove   /devices/pci0000:00/0000:00:08.3/0000:c6:00.3/usb5/5-1/5-1:1.0/sound/card1/pcmC1D0c (sound)
2026-03-05 19:13:03 KERNEL[28121.062246] remove   /devices/pci0000:00/0000:00:08.3/0000:c6:00.3/usb5/5-1/5-1:1.0/sound/card1 (sound)
2026-03-05 19:13:03 KERNEL[28121.062308] unbind   /devices/pci0000:00/0000:00:08.3/0000:c6:00.3/usb5/5-1/5-1:1.0 (usb)
2026-03-05 19:13:03 KERNEL[28121.062331] remove   /devices/pci0000:00/0000:00:08.3/0000:c6:00.3/usb5/5-1/5-1:1.0 (usb)
2026-03-05 19:13:03 KERNEL[28121.062382] unbind   /devices/pci0000:00/0000:00:08.3/0000:c6:00.3/usb5/5-1/5-1:1.1 (usb)
2026-03-05 19:13:03 KERNEL[28121.062400] remove   /devices/pci0000:00/0000:00:08.3/0000:c6:00.3/usb5/5-1/5-1:1.1 (usb)
2026-03-05 19:13:03 KERNEL[28121.062416] unbind   /devices/pci0000:00/0000:00:08.3/0000:c6:00.3/usb5/5-1/5-1:1.2 (usb)
2026-03-05 19:13:03 KERNEL[28121.062435] remove   /devices/pci0000:00/0000:00:08.3/0000:c6:00.3/usb5/5-1/5-1:1.2 (usb)
2026-03-05 19:13:03 UDEV  [28121.069951] remove   /devices/pci0000:00/0000:00:08.3/0000:c6:00.3/usb5/5-1/5-1:1.0/sound/card1/pcmC1D0p (sound)
2026-03-05 19:13:03 UDEV  [28121.070430] remove   /devices/pci0000:00/0000:00:08.3/0000:c6:00.3/usb5/5-1/5-1:1.0/sound/card1/controlC1 (sound)
2026-03-05 19:13:03 UDEV  [28121.070729] remove   /devices/pci0000:00/0000:00:08.3/0000:c6:00.3/usb5/5-1/5-1:1.0/sound/card1/pcmC1D0c (sound)
2026-03-05 19:13:03 UDEV  [28121.071290] unbind   /devices/pci0000:00/0000:00:08.3/0000:c6:00.3/usb5/5-1/5-1:1.1 (usb)
2026-03-05 19:13:03 UDEV  [28121.071918] unbind   /devices/pci0000:00/0000:00:08.3/0000:c6:00.3/usb5/5-1/5-1:1.2 (usb)
2026-03-05 19:13:03 UDEV  [28121.072890] remove   /devices/pci0000:00/0000:00:08.3/0000:c6:00.3/usb5/5-1/5-1:1.1 (usb)
2026-03-05 19:13:03 UDEV  [28121.073078] remove   /devices/pci0000:00/0000:00:08.3/0000:c6:00.3/usb5/5-1/5-1:1.0/sound/card1 (sound)
2026-03-05 19:13:03 UDEV  [28121.073496] remove   /devices/pci0000:00/0000:00:08.3/0000:c6:00.3/usb5/5-1/5-1:1.2 (usb)
2026-03-05 19:13:03 UDEV  [28121.074665] unbind   /devices/pci0000:00/0000:00:08.3/0000:c6:00.3/usb5/5-1/5-1:1.0 (usb)
2026-03-05 19:13:03 UDEV  [28121.075819] remove   /devices/pci0000:00/0000:00:08.3/0000:c6:00.3/usb5/5-1/5-1:1.0 (usb)
2026-03-05 19:13:03 KERNEL[28121.079283] remove   /devices/pci0000:00/0000:00:08.3/0000:c6:00.3/usb5/5-1/5-1:1.3/0003:001F:0B21.000E/input/input33/event9 (input)
2026-03-05 19:13:03 UDEV  [28121.081588] remove   /devices/pci0000:00/0000:00:08.3/0000:c6:00.3/usb5/5-1/5-1:1.3/0003:001F:0B21.000E/input/input33/event9 (input)
2026-03-05 19:13:03 KERNEL[28121.089201] remove   /devices/pci0000:00/0000:00:08.3/0000:c6:00.3/usb5/5-1/5-1:1.3/0003:001F:0B21.000E/input/input33 (input)
2026-03-05 19:13:03 KERNEL[28121.089241] remove   /devices/pci0000:00/0000:00:08.3/0000:c6:00.3/usb5/5-1/5-1:1.3/0003:001F:0B21.000E/hidraw/hidraw3 (hidraw)
2026-03-05 19:13:03 KERNEL[28121.089261] unbind   /devices/pci0000:00/0000:00:08.3/0000:c6:00.3/usb5/5-1/5-1:1.3/0003:001F:0B21.000E (hid)
2026-03-05 19:13:03 KERNEL[28121.089283] remove   /devices/pci0000:00/0000:00:08.3/0000:c6:00.3/usb5/5-1/5-1:1.3/0003:001F:0B21.000E (hid)
2026-03-05 19:13:03 KERNEL[28121.089301] unbind   /devices/pci0000:00/0000:00:08.3/0000:c6:00.3/usb5/5-1/5-1:1.3 (usb)
2026-03-05 19:13:03 KERNEL[28121.089317] remove   /devices/pci0000:00/0000:00:08.3/0000:c6:00.3/usb5/5-1/5-1:1.3 (usb)
2026-03-05 19:13:03 UDEV  [28121.091106] remove   /devices/pci0000:00/0000:00:08.3/0000:c6:00.3/usb5/5-1/5-1:1.3/0003:001F:0B21.000E/input/input33 (input)
2026-03-05 19:13:03 KERNEL[28121.091285] unbind   /devices/pci0000:00/0000:00:08.3/0000:c6:00.3/usb5/5-1 (usb)
2026-03-05 19:13:03 KERNEL[28121.091320] remove   /devices/pci0000:00/0000:00:08.3/0000:c6:00.3/usb5/5-1 (usb)
2026-03-05 19:13:03 UDEV  [28121.091342] remove   /devices/pci0000:00/0000:00:08.3/0000:c6:00.3/usb5/5-1/5-1:1.3/0003:001F:0B21.000E/hidraw/hidraw3 (hidraw)
2026-03-05 19:13:03 UDEV  [28121.092639] unbind   /devices/pci0000:00/0000:00:08.3/0000:c6:00.3/usb5/5-1/5-1:1.3/0003:001F:0B21.000E (hid)
2026-03-05 19:13:03 UDEV  [28121.093564] remove   /devices/pci0000:00/0000:00:08.3/0000:c6:00.3/usb5/5-1/5-1:1.3/0003:001F:0B21.000E (hid)
2026-03-05 19:13:03 UDEV  [28121.095037] unbind   /devices/pci0000:00/0000:00:08.3/0000:c6:00.3/usb5/5-1/5-1:1.3 (usb)
2026-03-05 19:13:03 UDEV  [28121.096169] remove   /devices/pci0000:00/0000:00:08.3/0000:c6:00.3/usb5/5-1/5-1:1.3 (usb)
2026-03-05 19:13:03 UDEV  [28121.097852] unbind   /devices/pci0000:00/0000:00:08.3/0000:c6:00.3/usb5/5-1 (usb)
2026-03-05 19:13:03 UDEV  [28121.098939] remove   /devices/pci0000:00/0000:00:08.3/0000:c6:00.3/usb5/5-1 (usb)
2026-03-05 19:13:03 KERNEL[28121.167176] remove   /devices/platform/USBC000:00/typec/port0/port0-partner (typec)
2026-03-05 19:13:03 UDEV  [28121.168258] remove   /devices/platform/USBC000:00/typec/port0/port0-partner (typec)
2026-03-05 19:13:03 KERNEL[28121.168332] change   /devices/platform/USBC000:00/power_supply/ucsi-source-psy-USBC000:001 (power_supply)
2026-03-05 19:13:03 UDEV  [28121.169071] change   /devices/platform/USBC000:00/power_supply/ucsi-source-psy-USBC000:001 (power_supply)
2026-03-05 19:13:13 KERNEL[28131.567835] remove   /devices/virtual/bdi/0:77 (bdi)
2026-03-05 19:13:13 UDEV  [28131.571494] remove   /devices/virtual/bdi/0:77 (bdi)
2026-03-05 19:13:13 KERNEL[28131.670658] unbind   /devices/pci0000:00/0000:00:08.3/0000:c6:00.0/usb3/3-4/3-4:1.2 (usb)
2026-03-05 19:13:13 UDEV  [28131.672696] unbind   /devices/pci0000:00/0000:00:08.3/0000:c6:00.0/usb3/3-4/3-4:1.2 (usb)
2026-03-05 19:13:13 KERNEL[28131.686875] add      /devices/virtual/vc/vcs63 (vc)
2026-03-05 19:13:13 KERNEL[28131.686904] add      /devices/virtual/vc/vcsu63 (vc)
2026-03-05 19:13:13 KERNEL[28131.686916] add      /devices/virtual/vc/vcsa63 (vc)
2026-03-05 19:13:13 UDEV  [28131.688962] add      /devices/virtual/vc/vcsu63 (vc)
2026-03-05 19:13:13 UDEV  [28131.689082] add      /devices/virtual/vc/vcsa63 (vc)
2026-03-05 19:13:13 UDEV  [28131.689951] add      /devices/virtual/vc/vcs63 (vc)
2026-03-05 19:13:14 KERNEL[28132.281433] remove   /devices/virtual/bdi/0:76 (bdi)
2026-03-05 19:13:14 UDEV  [28132.282495] remove   /devices/virtual/bdi/0:76 (bdi)
